slurmstepd: error: task/cgroup: unable to add task[pid=18349] to memory cg '(null)'
/pbtech_mounts/software/spack/centos7/opt/spack/linux-centos7-sandybridge/gcc-8.2.0/python-3.7.6-hk56qj4lllibd5owruxix27bsgrqavga/lib/python3.7/site-packages/numpy/core/fromnumeric.py:3420: RuntimeWarning: Mean of empty slice.
  out=out, **kwargs)
/pbtech_mounts/software/spack/centos7/opt/spack/linux-centos7-sandybridge/gcc-8.2.0/python-3.7.6-hk56qj4lllibd5owruxix27bsgrqavga/lib/python3.7/site-packages/numpy/core/_methods.py:188: RuntimeWarning: invalid value encountered in double_scalars
  ret = ret.dtype.type(ret / rcount)
/pbtech_mounts/software/spack/centos7/opt/spack/linux-centos7-sandybridge/gcc-8.2.0/python-3.7.6-hk56qj4lllibd5owruxix27bsgrqavga/lib/python3.7/site-packages/numpy/core/fromnumeric.py:3420: RuntimeWarning: Mean of empty slice.
  out=out, **kwargs)
/pbtech_mounts/software/spack/centos7/opt/spack/linux-centos7-sandybridge/gcc-8.2.0/python-3.7.6-hk56qj4lllibd5owruxix27bsgrqavga/lib/python3.7/site-packages/numpy/core/_methods.py:188: RuntimeWarning: invalid value encountered in double_scalars
  ret = ret.dtype.type(ret / rcount)
Evaluating initial population.
	Avg fitness is: 6255595.0
	Best fitness is 1500.0
Generation 1
14:08:37
14:11:21
	Avg fitness is: 1255647.5
	Best fitness is 1000.0
Generation 2
14:11:21
14:14:09
	Avg fitness is: 754895.0
	Best fitness is 500.0
Generation 3
14:14:09
14:16:56
	Avg fitness is: 254330.0
	Best fitness is 500.0
Generation 4
14:16:56
14:19:45
	Avg fitness is: 3960.0
	Best fitness is 500.0
Generation 5
14:19:45
14:22:33
	Avg fitness is: 3415.0
	Best fitness is 0.0
Generation 6
14:22:33
14:25:22
	Avg fitness is: 3117.5
	Best fitness is 500.0
Generation 7
14:25:22
14:28:10
	Avg fitness is: 2825.0
	Best fitness is 0.0
Generation 8
14:28:10
14:31:00
	Avg fitness is: 2257.5
	Best fitness is 0.0
Generation 9
14:31:00
14:33:50
	Avg fitness is: 2282.5
	Best fitness is 0.0
Generation 10
14:33:50
14:36:38
	Avg fitness is: 2040.0
	Best fitness is 0.0
Generation 11
14:36:38
14:39:27
	Avg fitness is: 1802.5
	Best fitness is 0.0
Generation 12
14:39:27
14:42:15
	Avg fitness is: 1735.0
	Best fitness is 0.0
Generation 13
14:42:15
14:45:04
	Avg fitness is: 1377.5
	Best fitness is 0.0
Generation 14
14:45:04
14:47:52
	Avg fitness is: 1380.0
	Best fitness is 0.0
Generation 15
14:47:52
14:50:41
	Avg fitness is: 1187.5
	Best fitness is 0.0
Generation 16
14:50:41
14:53:29
	Avg fitness is: 1080.0
	Best fitness is 0.0
Generation 17
14:53:29
14:56:19
	Avg fitness is: 990.0
	Best fitness is 0.0
Generation 18
14:56:19
14:59:08
	Avg fitness is: 1097.5
	Best fitness is 0.0
Generation 19
14:59:08
15:01:56
	Avg fitness is: 1075.0
	Best fitness is 0.0
Generation 20
15:01:57
15:04:45
	Avg fitness is: 952.5
	Best fitness is 0.0
Generation 21
15:04:45
15:07:33
	Avg fitness is: 742.5
	Best fitness is 0.0
Generation 22
15:07:33
15:10:20
	Avg fitness is: 1012.5
	Best fitness is 0.0
Generation 23
15:10:20
15:13:10
	Avg fitness is: 972.5
	Best fitness is 0.0
Generation 24
15:13:10
15:15:59
	Avg fitness is: 1095.0
	Best fitness is 0.0
Generation 25
15:15:59
15:18:47
	Avg fitness is: 970.0
	Best fitness is 0.0
Generation 26
15:18:47
15:21:35
	Avg fitness is: 962.5
	Best fitness is 0.0
Generation 27
15:21:35
15:24:24
	Avg fitness is: 1152.5
	Best fitness is 0.0
Generation 28
15:24:25
15:27:12
	Avg fitness is: 1020.0
	Best fitness is 0.0
Generation 29
15:27:12
15:30:01
	Avg fitness is: 885.0
	Best fitness is 0.0
Generation 30
15:30:01
15:32:50
	Avg fitness is: 1120.0
	Best fitness is 0.0
Generation 31
15:32:50
15:35:42
	Avg fitness is: 1367.5
	Best fitness is 0.0
Generation 32
15:35:42
15:38:31
	Avg fitness is: 1330.0
	Best fitness is 0.0
Generation 33
15:38:31
15:41:21
	Avg fitness is: 1295.0
	Best fitness is 0.0
Generation 34
15:41:21
15:44:11
	Avg fitness is: 1020.0
	Best fitness is 0.0
Generation 35
15:44:11
15:46:58
	Avg fitness is: 760.0
	Best fitness is 0.0
Generation 36
15:46:58
15:49:46
	Avg fitness is: 647.5
	Best fitness is 0.0
Generation 37
15:49:47
15:52:35
	Avg fitness is: 890.0
	Best fitness is 0.0
Generation 38
15:52:35
15:55:23
	Avg fitness is: 1160.0
	Best fitness is 0.0
Generation 39
15:55:24
15:58:14
	Avg fitness is: 1047.5
	Best fitness is 0.0
Generation 40
15:58:14
16:01:01
	Avg fitness is: 780.0
	Best fitness is 0.0
Generation 41
16:01:01
16:03:49
	Avg fitness is: 722.5
	Best fitness is 0.0
Generation 42
16:03:49
16:06:38
	Avg fitness is: 797.5
	Best fitness is 0.0
Generation 43
16:06:39
16:09:27
	Avg fitness is: 607.5
	Best fitness is 0.0
Generation 44
16:09:27
16:12:14
	Avg fitness is: 575.0
	Best fitness is 0.0
Generation 45
16:12:14
16:15:02
	Avg fitness is: 800.0
	Best fitness is 0.0
Generation 46
16:15:02
16:17:49
	Avg fitness is: 565.0
	Best fitness is 0.0
Generation 47
16:17:49
16:20:36
	Avg fitness is: 497.5
	Best fitness is 0.0
Generation 48
16:20:36
16:23:24
	Avg fitness is: 617.5
	Best fitness is 0.0
Generation 49
16:23:24
16:26:11
	Avg fitness is: 362.5
	Best fitness is 0.0
